<?xml version="1.0" encoding="UTF-8"?>
<testsuite xmlns:xsi="http://www.w3.org/2001/XMLSchema-instance" xsi:noNamespaceSchemaLocation="https://maven.apache.org/surefire/maven-surefire-plugin/xsd/surefire-test-report.xsd" name="testrunners.MyTestRunnerTest" time="1,880.974" tests="11" errors="9" skipped="0" failures="0">
  <properties>
[...]
</properties>
  <testcase name="Accounts page title" classname="Account Page Featyre" time="620.76">
    <error message="session not created&#10;from timeout: Timed out receiving message from renderer: 600.000&#10;  (Session info: chrome=87.0.4280.88)&#10;Build info: version: &apos;3.141.59&apos;, revision: &apos;e82be7d358&apos;, time: &apos;2018-11-14T08:17:03&apos;&#10;System info: host: &apos;LAPTOP&apos;, ip: &apos;192.168.1.14&apos;, os.name: &apos;Windows 7&apos;, os.arch: &apos;amd64&apos;, os.version: &apos;6.1&apos;, java.version: &apos;1.8.0_271&apos;&#10;Driver info: driver.version: ChromeDriver&#10;remote stacktrace: Backtrace:&#10;	Ordinal0 [0x013EC0C3+3326147]&#10;	Ordinal0 [0x012D0851+2164817]&#10;	Ordinal0 [0x01157298+619160]&#10;	Ordinal0 [0x0114B17F+569727]&#10;	Ordinal0 [0x0114A421+566305]&#10;	Ordinal0 [0x0114A815+567317]&#10;	Ordinal0 [0x0114A135+565557]&#10;	Ordinal0 [0x011538B1+604337]&#10;	Ordinal0 [0x0114A0F1+565489]&#10;	Ordinal0 [0x0114AEA2+568994]&#10;	Ordinal0 [0x0114A421+566305]&#10;	Ordinal0 [0x0114A815+567317]&#10;	Ordinal0 [0x0114A135+565557]&#10;	Ordinal0 [0x01151D2C+597292]&#10;	Ordinal0 [0x0114A0F1+565489]&#10;	Ordinal0 [0x0114AEA2+568994]&#10;	Ordinal0 [0x0114A421+566305]&#10;	Ordinal0 [0x0114A815+567317]&#10;	Ordinal0 [0x0114A135+565557]&#10;	Ordinal0 [0x0114FE62+589410]&#10;	Ordinal0 [0x0114A0F1+565489]&#10;	Ordinal0 [0x0114AEA2+568994]&#10;	Ordinal0 [0x0114A421+566305]&#10;	Ordinal0 [0x0114A815+567317]&#10;	Ordinal0 [0x0114A135+565557]&#10;	Ordinal0 [0x0114F075+585845]&#10;	Ordinal0 [0x0114A0F1+565489]&#10;	Ordinal0 [0x0114AEA2+568994]&#10;	Ordinal0 [0x0114A421+566305]&#10;	Ordinal0 [0x0114A815+567317]&#10;	Ordinal0 [0x0114A135+565557]&#10;	Ordinal0 [0x01146776+550774]&#10;	Ordinal0 [0x0114A0F1+565489]&#10;	Ordinal0 [0x01149F13+565011]&#10;	Ordinal0 [0x01149D07+564487]&#10;	Ordinal0 [0x011582C0+623296]&#10;	Ordinal0 [0x010F6BDD+224221]&#10;	Ordinal0 [0x010F5CAC+220332]&#10;	Ordinal0 [0x010F189B+202907]&#10;	Ordinal0 [0x010D3DF4+81396]&#10;	Ordinal0 [0x010D4DEE+85486]&#10;	Ordinal0 [0x010D4D79+85369]&#10;	Ordinal0 [0x012E85DC+2262492]&#10;	GetHandleVerifier [0x01572874+1487204]&#10;	GetHandleVerifier [0x015723CD+1486013]&#10;	GetHandleVerifier [0x0157A368+1518680]&#10;	GetHandleVerifier [0x01572F4E+1488958]&#10;	Ordinal0 [0x012DED0D+2223373]&#10;	Ordinal0 [0x012EA12B+2269483]&#10;	Ordinal0 [0x012EA26F+2269807]&#10;	Ordinal0 [0x012FECB8+2354360]&#10;	BaseThreadInitThunk [0x7588343D+18]&#10;	RtlInitializeExceptionChain [0x777B9812+99]&#10;	RtlInitializeExceptionChain [0x777B97E5+54]&#10;" type="org.openqa.selenium.SessionNotCreatedException">org.openqa.selenium.SessionNotCreatedException: 
session not created
from timeout: Timed out receiving message from renderer: 600.000
  (Session info: chrome=87.0.4280.88)
Build info: version: '3.141.59', revision: 'e82be7d358', time: '2018-11-14T08:17:03'
System info: host: 'LAPTOP', ip: '192.168.1.14', os.name: 'Windows 7', os.arch: 'amd64', os.version: '6.1', java.version: '1.8.0_271'
Driver info: driver.version: ChromeDriver
remote stacktrace: Backtrace:
	Ordinal0 [0x013EC0C3+3326147]
	Ordinal0 [0x012D0851+2164817]
	Ordinal0 [0x01157298+619160]
	Ordinal0 [0x0114B17F+569727]
	Ordinal0 [0x0114A421+566305]
	Ordinal0 [0x0114A815+567317]
	Ordinal0 [0x0114A135+565557]
	Ordinal0 [0x011538B1+604337]
	Ordinal0 [0x0114A0F1+565489]
	Ordinal0 [0x0114AEA2+568994]
	Ordinal0 [0x0114A421+566305]
	Ordinal0 [0x0114A815+567317]
	Ordinal0 [0x0114A135+565557]
	Ordinal0 [0x01151D2C+597292]
	Ordinal0 [0x0114A0F1+565489]
	Ordinal0 [0x0114AEA2+568994]
	Ordinal0 [0x0114A421+566305]
	Ordinal0 [0x0114A815+567317]
	Ordinal0 [0x0114A135+565557]
	Ordinal0 [0x0114FE62+589410]
	Ordinal0 [0x0114A0F1+565489]
	Ordinal0 [0x0114AEA2+568994]
	Ordinal0 [0x0114A421+566305]
	Ordinal0 [0x0114A815+567317]
	Ordinal0 [0x0114A135+565557]
	Ordinal0 [0x0114F075+585845]
	Ordinal0 [0x0114A0F1+565489]
	Ordinal0 [0x0114AEA2+568994]
	Ordinal0 [0x0114A421+566305]
	Ordinal0 [0x0114A815+567317]
	Ordinal0 [0x0114A135+565557]
	Ordinal0 [0x01146776+550774]
	Ordinal0 [0x0114A0F1+565489]
	Ordinal0 [0x01149F13+565011]
	Ordinal0 [0x01149D07+564487]
	Ordinal0 [0x011582C0+623296]
	Ordinal0 [0x010F6BDD+224221]
	Ordinal0 [0x010F5CAC+220332]
	Ordinal0 [0x010F189B+202907]
	Ordinal0 [0x010D3DF4+81396]
	Ordinal0 [0x010D4DEE+85486]
	Ordinal0 [0x010D4D79+85369]
	Ordinal0 [0x012E85DC+2262492]
	GetHandleVerifier [0x01572874+1487204]
	GetHandleVerifier [0x015723CD+1486013]
	GetHandleVerifier [0x0157A368+1518680]
	GetHandleVerifier [0x01572F4E+1488958]
	Ordinal0 [0x012DED0D+2223373]
	Ordinal0 [0x012EA12B+2269483]
	Ordinal0 [0x012EA26F+2269807]
	Ordinal0 [0x012FECB8+2354360]
	BaseThreadInitThunk [0x7588343D+18]
	RtlInitializeExceptionChain [0x777B9812+99]
	RtlInitializeExceptionChain [0x777B97E5+54]

</error>
    <system-out><![CDATA[
Scenario: Accounts page title                       # scr/test/resources/appfeatures/AccountPage.feature:8
browser value is: chrome
      org.openqa.selenium.SessionNotCreatedException: session not created
from timeout: Timed out receiving message from renderer: 600.000
  (Session info: chrome=87.0.4280.88)
Build info: version: '3.141.59', revision: 'e82be7d358', time: '2018-11-14T08:17:03'
System info: host: 'LAPTOP', ip: '192.168.1.14', os.name: 'Windows 7', os.arch: 'amd64', os.version: '6.1', java.version: '1.8.0_271'
Driver info: driver.version: ChromeDriver
remote stacktrace: Backtrace:
	Ordinal0 [0x013EC0C3+3326147]
	Ordinal0 [0x012D0851+2164817]
	Ordinal0 [0x01157298+619160]
	Ordinal0 [0x0114B17F+569727]
	Ordinal0 [0x0114A421+566305]
	Ordinal0 [0x0114A815+567317]
	Ordinal0 [0x0114A135+565557]
	Ordinal0 [0x011538B1+604337]
	Ordinal0 [0x0114A0F1+565489]
	Ordinal0 [0x0114AEA2+568994]
	Ordinal0 [0x0114A421+566305]
	Ordinal0 [0x0114A815+567317]
	Ordinal0 [0x0114A135+565557]
	Ordinal0 [0x01151D2C+597292]
	Ordinal0 [0x0114A0F1+565489]
	Ordinal0 [0x0114AEA2+568994]
	Ordinal0 [0x0114A421+566305]
	Ordinal0 [0x0114A815+567317]
	Ordinal0 [0x0114A135+565557]
	Ordinal0 [0x0114FE62+589410]
	Ordinal0 [0x0114A0F1+565489]
	Ordinal0 [0x0114AEA2+568994]
	Ordinal0 [0x0114A421+566305]
	Ordinal0 [0x0114A815+567317]
	Ordinal0 [0x0114A135+565557]
	Ordinal0 [0x0114F075+585845]
	Ordinal0 [0x0114A0F1+565489]
	Ordinal0 [0x0114AEA2+568994]
	Ordinal0 [0x0114A421+566305]
	Ordinal0 [0x0114A815+567317]
	Ordinal0 [0x0114A135+565557]
	Ordinal0 [0x01146776+550774]
	Ordinal0 [0x0114A0F1+565489]
	Ordinal0 [0x01149F13+565011]
	Ordinal0 [0x01149D07+564487]
	Ordinal0 [0x011582C0+623296]
	Ordinal0 [0x010F6BDD+224221]
	Ordinal0 [0x010F5CAC+220332]
	Ordinal0 [0x010F189B+202907]
	Ordinal0 [0x010D3DF4+81396]
	Ordinal0 [0x010D4DEE+85486]
	Ordinal0 [0x010D4D79+85369]
	Ordinal0 [0x012E85DC+2262492]
	GetHandleVerifier [0x01572874+1487204]
	GetHandleVerifier [0x015723CD+1486013]
	GetHandleVerifier [0x0157A368+1518680]
	GetHandleVerifier [0x01572F4E+1488958]
	Ordinal0 [0x012DED0D+2223373]
	Ordinal0 [0x012EA12B+2269483]
	Ordinal0 [0x012EA26F+2269807]
	Ordinal0 [0x012FECB8+2354360]
	BaseThreadInitThunk [0x7588343D+18]
	RtlInitializeExceptionChain [0x777B9812+99]
	RtlInitializeExceptionChain [0x777B97E5+54]

	at sun.reflect.NativeConstructorAccessorImpl.newInstance0(Native Method)
	at sun.reflect.NativeConstructorAccessorImpl.newInstance(NativeConstructorAccessorImpl.java:62)
	at sun.reflect.DelegatingConstructorAccessorImpl.newInstance(DelegatingConstructorAccessorImpl.java:45)
	at java.lang.reflect.Constructor.newInstance(Constructor.java:423)
	at org.openqa.selenium.remote.W3CHandshakeResponse.lambda$errorHandler$0(W3CHandshakeResponse.java:62)
	at org.openqa.selenium.remote.HandshakeResponse.lambda$getResponseFunction$0(HandshakeResponse.java:30)
	at org.openqa.selenium.remote.ProtocolHandshake.lambda$createSession$0(ProtocolHandshake.java:126)
	at java.util.stream.ReferencePipeline$3$1.accept(ReferencePipeline.java:193)
	at java.util.Spliterators$ArraySpliterator.tryAdvance(Spliterators.java:958)
	at java.util.stream.ReferencePipeline.forEachWithCancel(ReferencePipeline.java:126)
	at java.util.stream.AbstractPipeline.copyIntoWithCancel(AbstractPipeline.java:499)
	at java.util.stream.AbstractPipeline.copyInto(AbstractPipeline.java:486)
	at java.util.stream.AbstractPipeline.wrapAndCopyInto(AbstractPipeline.java:472)
	at java.util.stream.FindOps$FindOp.evaluateSequential(FindOps.java:152)
	at java.util.stream.AbstractPipeline.evaluate(AbstractPipeline.java:234)
	at java.util.stream.ReferencePipeline.findFirst(ReferencePipeline.java:464)
	at org.openqa.selenium.remote.ProtocolHandshake.createSession(ProtocolHandshake.java:128)
	at org.openqa.selenium.remote.ProtocolHandshake.createSession(ProtocolHandshake.java:74)
	at org.openqa.selenium.remote.HttpCommandExecutor.execute(HttpCommandExecutor.java:136)
	at org.openqa.selenium.remote.service.DriverCommandExecutor.execute(DriverCommandExecutor.java:83)
	at org.openqa.selenium.remote.RemoteWebDriver.execute(RemoteWebDriver.java:552)
	at org.openqa.selenium.remote.RemoteWebDriver.startSession(RemoteWebDriver.java:213)
	at org.openqa.selenium.remote.RemoteWebDriver.<init>(RemoteWebDriver.java:131)
	at org.openqa.selenium.chrome.ChromeDriver.<init>(ChromeDriver.java:181)
	at org.openqa.selenium.chrome.ChromeDriver.<init>(ChromeDriver.java:168)
	at org.openqa.selenium.chrome.ChromeDriver.<init>(ChromeDriver.java:123)
	at com.qa.factory.DriverFactory.init_driver(DriverFactory.java:24)
	at apphooks.ApplicationHooks.launchBrowser(ApplicationHooks.java:34)

  Given user has already logged in the application  # stepdefinitions.AccountPageSteps.user_has_already_logged_in_the_application(io.cucumber.datatable.DataTable)
  Given user is on Accounts page                    # stepdefinitions.AccountPageSteps.user_is_on_accounts_page()
  When user gets the title of the page              # stepdefinitions.LoginPageSteps.user_gets_the_title_of_the_page()
  Then page title should be "My account - My Store" # stepdefinitions.LoginPageSteps.page_title_should_be(java.lang.String)
      java.lang.NullPointerException
	at apphooks.ApplicationHooks.tearDown(ApplicationHooks.java:48)

      java.lang.NullPointerException
	at apphooks.ApplicationHooks.quitBrowser(ApplicationHooks.java:40)

]]></system-out>
    <system-err><![CDATA[SLF4J: Failed to load class "org.slf4j.impl.StaticLoggerBinder".
SLF4J: Defaulting to no-operation (NOP) logger implementation
SLF4J: See http://www.slf4j.org/codes.html#StaticLoggerBinder for further details.
Starting ChromeDriver 87.0.4280.88 (89e2380a3e36c3464b5dd1302349b1382549290d-refs/branch-heads/4280@{#1761}) on port 33000
Only local connections are allowed.
Please see https://chromedriver.chromium.org/security-considerations for suggestions on keeping ChromeDriver safe.
ChromeDriver was started successfully.
[1609597114.140][SEVERE]: Timed out receiving message from renderer: 600.000
]]></system-err>
  </testcase>
  <testcase name="Accounts page title" classname="Account Page Featyre" time="620.788">
    <error type="java.lang.NullPointerException">java.lang.NullPointerException
</error>
  </testcase>
  <testcase name="Accounts page title" classname="Account Page Featyre" time="620.788">
    <error type="java.lang.NullPointerException">java.lang.NullPointerException
</error>
  </testcase>
  <testcase name="Accounts section count" classname="Account Page Featyre" time="29.938"/>
  <testcase name="Login page title" classname="Login Page feature" time="13.983"/>
  <testcase name="Forgot Password link" classname="Login Page feature" time="604.276">
    <error message="session not created&#10;from timeout: Timed out receiving message from renderer: 600.000&#10;  (Session info: chrome=87.0.4280.88)&#10;Build info: version: &apos;3.141.59&apos;, revision: &apos;e82be7d358&apos;, time: &apos;2018-11-14T08:17:03&apos;&#10;System info: host: &apos;LAPTOP&apos;, ip: &apos;192.168.1.14&apos;, os.name: &apos;Windows 7&apos;, os.arch: &apos;amd64&apos;, os.version: &apos;6.1&apos;, java.version: &apos;1.8.0_271&apos;&#10;Driver info: driver.version: ChromeDriver&#10;remote stacktrace: Backtrace:&#10;	Ordinal0 [0x013EC0C3+3326147]&#10;	Ordinal0 [0x012D0851+2164817]&#10;	Ordinal0 [0x01157298+619160]&#10;	Ordinal0 [0x0114B17F+569727]&#10;	Ordinal0 [0x0114A421+566305]&#10;	Ordinal0 [0x0114A815+567317]&#10;	Ordinal0 [0x0114A135+565557]&#10;	Ordinal0 [0x011538B1+604337]&#10;	Ordinal0 [0x0114A0F1+565489]&#10;	Ordinal0 [0x0114AEA2+568994]&#10;	Ordinal0 [0x0114A421+566305]&#10;	Ordinal0 [0x0114A815+567317]&#10;	Ordinal0 [0x0114A135+565557]&#10;	Ordinal0 [0x01151D2C+597292]&#10;	Ordinal0 [0x0114A0F1+565489]&#10;	Ordinal0 [0x0114AEA2+568994]&#10;	Ordinal0 [0x0114A421+566305]&#10;	Ordinal0 [0x0114A815+567317]&#10;	Ordinal0 [0x0114A135+565557]&#10;	Ordinal0 [0x0114FE62+589410]&#10;	Ordinal0 [0x0114A0F1+565489]&#10;	Ordinal0 [0x0114AEA2+568994]&#10;	Ordinal0 [0x0114A421+566305]&#10;	Ordinal0 [0x0114A815+567317]&#10;	Ordinal0 [0x0114A135+565557]&#10;	Ordinal0 [0x0114F075+585845]&#10;	Ordinal0 [0x0114A0F1+565489]&#10;	Ordinal0 [0x0114AEA2+568994]&#10;	Ordinal0 [0x0114A421+566305]&#10;	Ordinal0 [0x0114A815+567317]&#10;	Ordinal0 [0x0114A135+565557]&#10;	Ordinal0 [0x01146776+550774]&#10;	Ordinal0 [0x0114A0F1+565489]&#10;	Ordinal0 [0x01149F13+565011]&#10;	Ordinal0 [0x01149D07+564487]&#10;	Ordinal0 [0x011582C0+623296]&#10;	Ordinal0 [0x010F6BDD+224221]&#10;	Ordinal0 [0x010F5CAC+220332]&#10;	Ordinal0 [0x010F189B+202907]&#10;	Ordinal0 [0x010D3DF4+81396]&#10;	Ordinal0 [0x010D4DEE+85486]&#10;	Ordinal0 [0x010D4D79+85369]&#10;	Ordinal0 [0x012E85DC+2262492]&#10;	GetHandleVerifier [0x01572874+1487204]&#10;	GetHandleVerifier [0x015723CD+1486013]&#10;	GetHandleVerifier [0x0157A368+1518680]&#10;	GetHandleVerifier [0x01572F4E+1488958]&#10;	Ordinal0 [0x012DED0D+2223373]&#10;	Ordinal0 [0x012EA12B+2269483]&#10;	Ordinal0 [0x012EA26F+2269807]&#10;	Ordinal0 [0x012FECB8+2354360]&#10;	BaseThreadInitThunk [0x7588343D+18]&#10;	RtlInitializeExceptionChain [0x777B9812+99]&#10;	RtlInitializeExceptionChain [0x777B97E5+54]&#10;" type="org.openqa.selenium.SessionNotCreatedException">org.openqa.selenium.SessionNotCreatedException: 
session not created
from timeout: Timed out receiving message from renderer: 600.000
  (Session info: chrome=87.0.4280.88)
Build info: version: '3.141.59', revision: 'e82be7d358', time: '2018-11-14T08:17:03'
System info: host: 'LAPTOP', ip: '192.168.1.14', os.name: 'Windows 7', os.arch: 'amd64', os.version: '6.1', java.version: '1.8.0_271'
Driver info: driver.version: ChromeDriver
remote stacktrace: Backtrace:
	Ordinal0 [0x013EC0C3+3326147]
	Ordinal0 [0x012D0851+2164817]
	Ordinal0 [0x01157298+619160]
	Ordinal0 [0x0114B17F+569727]
	Ordinal0 [0x0114A421+566305]
	Ordinal0 [0x0114A815+567317]
	Ordinal0 [0x0114A135+565557]
	Ordinal0 [0x011538B1+604337]
	Ordinal0 [0x0114A0F1+565489]
	Ordinal0 [0x0114AEA2+568994]
	Ordinal0 [0x0114A421+566305]
	Ordinal0 [0x0114A815+567317]
	Ordinal0 [0x0114A135+565557]
	Ordinal0 [0x01151D2C+597292]
	Ordinal0 [0x0114A0F1+565489]
	Ordinal0 [0x0114AEA2+568994]
	Ordinal0 [0x0114A421+566305]
	Ordinal0 [0x0114A815+567317]
	Ordinal0 [0x0114A135+565557]
	Ordinal0 [0x0114FE62+589410]
	Ordinal0 [0x0114A0F1+565489]
	Ordinal0 [0x0114AEA2+568994]
	Ordinal0 [0x0114A421+566305]
	Ordinal0 [0x0114A815+567317]
	Ordinal0 [0x0114A135+565557]
	Ordinal0 [0x0114F075+585845]
	Ordinal0 [0x0114A0F1+565489]
	Ordinal0 [0x0114AEA2+568994]
	Ordinal0 [0x0114A421+566305]
	Ordinal0 [0x0114A815+567317]
	Ordinal0 [0x0114A135+565557]
	Ordinal0 [0x01146776+550774]
	Ordinal0 [0x0114A0F1+565489]
	Ordinal0 [0x01149F13+565011]
	Ordinal0 [0x01149D07+564487]
	Ordinal0 [0x011582C0+623296]
	Ordinal0 [0x010F6BDD+224221]
	Ordinal0 [0x010F5CAC+220332]
	Ordinal0 [0x010F189B+202907]
	Ordinal0 [0x010D3DF4+81396]
	Ordinal0 [0x010D4DEE+85486]
	Ordinal0 [0x010D4D79+85369]
	Ordinal0 [0x012E85DC+2262492]
	GetHandleVerifier [0x01572874+1487204]
	GetHandleVerifier [0x015723CD+1486013]
	GetHandleVerifier [0x0157A368+1518680]
	GetHandleVerifier [0x01572F4E+1488958]
	Ordinal0 [0x012DED0D+2223373]
	Ordinal0 [0x012EA12B+2269483]
	Ordinal0 [0x012EA26F+2269807]
	Ordinal0 [0x012FECB8+2354360]
	BaseThreadInitThunk [0x7588343D+18]
	RtlInitializeExceptionChain [0x777B9812+99]
	RtlInitializeExceptionChain [0x777B97E5+54]

</error>
    <system-out><![CDATA[
Scenario: Forgot Password link                       # scr/test/resources/appfeatures/LoginPage.feature:8
browser value is: chrome
      org.openqa.selenium.SessionNotCreatedException: session not created
from timeout: Timed out receiving message from renderer: 600.000
  (Session info: chrome=87.0.4280.88)
Build info: version: '3.141.59', revision: 'e82be7d358', time: '2018-11-14T08:17:03'
System info: host: 'LAPTOP', ip: '192.168.1.14', os.name: 'Windows 7', os.arch: 'amd64', os.version: '6.1', java.version: '1.8.0_271'
Driver info: driver.version: ChromeDriver
remote stacktrace: Backtrace:
	Ordinal0 [0x013EC0C3+3326147]
	Ordinal0 [0x012D0851+2164817]
	Ordinal0 [0x01157298+619160]
	Ordinal0 [0x0114B17F+569727]
	Ordinal0 [0x0114A421+566305]
	Ordinal0 [0x0114A815+567317]
	Ordinal0 [0x0114A135+565557]
	Ordinal0 [0x011538B1+604337]
	Ordinal0 [0x0114A0F1+565489]
	Ordinal0 [0x0114AEA2+568994]
	Ordinal0 [0x0114A421+566305]
	Ordinal0 [0x0114A815+567317]
	Ordinal0 [0x0114A135+565557]
	Ordinal0 [0x01151D2C+597292]
	Ordinal0 [0x0114A0F1+565489]
	Ordinal0 [0x0114AEA2+568994]
	Ordinal0 [0x0114A421+566305]
	Ordinal0 [0x0114A815+567317]
	Ordinal0 [0x0114A135+565557]
	Ordinal0 [0x0114FE62+589410]
	Ordinal0 [0x0114A0F1+565489]
	Ordinal0 [0x0114AEA2+568994]
	Ordinal0 [0x0114A421+566305]
	Ordinal0 [0x0114A815+567317]
	Ordinal0 [0x0114A135+565557]
	Ordinal0 [0x0114F075+585845]
	Ordinal0 [0x0114A0F1+565489]
	Ordinal0 [0x0114AEA2+568994]
	Ordinal0 [0x0114A421+566305]
	Ordinal0 [0x0114A815+567317]
	Ordinal0 [0x0114A135+565557]
	Ordinal0 [0x01146776+550774]
	Ordinal0 [0x0114A0F1+565489]
	Ordinal0 [0x01149F13+565011]
	Ordinal0 [0x01149D07+564487]
	Ordinal0 [0x011582C0+623296]
	Ordinal0 [0x010F6BDD+224221]
	Ordinal0 [0x010F5CAC+220332]
	Ordinal0 [0x010F189B+202907]
	Ordinal0 [0x010D3DF4+81396]
	Ordinal0 [0x010D4DEE+85486]
	Ordinal0 [0x010D4D79+85369]
	Ordinal0 [0x012E85DC+2262492]
	GetHandleVerifier [0x01572874+1487204]
	GetHandleVerifier [0x015723CD+1486013]
	GetHandleVerifier [0x0157A368+1518680]
	GetHandleVerifier [0x01572F4E+1488958]
	Ordinal0 [0x012DED0D+2223373]
	Ordinal0 [0x012EA12B+2269483]
	Ordinal0 [0x012EA26F+2269807]
	Ordinal0 [0x012FECB8+2354360]
	BaseThreadInitThunk [0x7588343D+18]
	RtlInitializeExceptionChain [0x777B9812+99]
	RtlInitializeExceptionChain [0x777B97E5+54]

	at sun.reflect.NativeConstructorAccessorImpl.newInstance0(Native Method)
	at sun.reflect.NativeConstructorAccessorImpl.newInstance(NativeConstructorAccessorImpl.java:62)
	at sun.reflect.DelegatingConstructorAccessorImpl.newInstance(DelegatingConstructorAccessorImpl.java:45)
	at java.lang.reflect.Constructor.newInstance(Constructor.java:423)
	at org.openqa.selenium.remote.W3CHandshakeResponse.lambda$errorHandler$0(W3CHandshakeResponse.java:62)
	at org.openqa.selenium.remote.HandshakeResponse.lambda$getResponseFunction$0(HandshakeResponse.java:30)
	at org.openqa.selenium.remote.ProtocolHandshake.lambda$createSession$0(ProtocolHandshake.java:126)
	at java.util.stream.ReferencePipeline$3$1.accept(ReferencePipeline.java:193)
	at java.util.Spliterators$ArraySpliterator.tryAdvance(Spliterators.java:958)
	at java.util.stream.ReferencePipeline.forEachWithCancel(ReferencePipeline.java:126)
	at java.util.stream.AbstractPipeline.copyIntoWithCancel(AbstractPipeline.java:499)
	at java.util.stream.AbstractPipeline.copyInto(AbstractPipeline.java:486)
	at java.util.stream.AbstractPipeline.wrapAndCopyInto(AbstractPipeline.java:472)
	at java.util.stream.FindOps$FindOp.evaluateSequential(FindOps.java:152)
	at java.util.stream.AbstractPipeline.evaluate(AbstractPipeline.java:234)
	at java.util.stream.ReferencePipeline.findFirst(ReferencePipeline.java:464)
	at org.openqa.selenium.remote.ProtocolHandshake.createSession(ProtocolHandshake.java:128)
	at org.openqa.selenium.remote.ProtocolHandshake.createSession(ProtocolHandshake.java:74)
	at org.openqa.selenium.remote.HttpCommandExecutor.execute(HttpCommandExecutor.java:136)
	at org.openqa.selenium.remote.service.DriverCommandExecutor.execute(DriverCommandExecutor.java:83)
	at org.openqa.selenium.remote.RemoteWebDriver.execute(RemoteWebDriver.java:552)
	at org.openqa.selenium.remote.RemoteWebDriver.startSession(RemoteWebDriver.java:213)
	at org.openqa.selenium.remote.RemoteWebDriver.<init>(RemoteWebDriver.java:131)
	at org.openqa.selenium.chrome.ChromeDriver.<init>(ChromeDriver.java:181)
	at org.openqa.selenium.chrome.ChromeDriver.<init>(ChromeDriver.java:168)
	at org.openqa.selenium.chrome.ChromeDriver.<init>(ChromeDriver.java:123)
	at com.qa.factory.DriverFactory.init_driver(DriverFactory.java:24)
	at apphooks.ApplicationHooks.launchBrowser(ApplicationHooks.java:34)

  Given user is on login page                        # stepdefinitions.LoginPageSteps.user_is_on_login_page()
  Then forgot your password link should be displayed # stepdefinitions.LoginPageSteps.forgot_your_password_link_should_be_displayed()
      java.lang.NullPointerException
	at apphooks.ApplicationHooks.tearDown(ApplicationHooks.java:48)

      java.lang.NullPointerException
	at apphooks.ApplicationHooks.quitBrowser(ApplicationHooks.java:40)

]]></system-out>
    <system-err><![CDATA[Starting ChromeDriver 87.0.4280.88 (89e2380a3e36c3464b5dd1302349b1382549290d-refs/branch-heads/4280@{#1761}) on port 15681
Only local connections are allowed.
Please see https://chromedriver.chromium.org/security-considerations for suggestions on keeping ChromeDriver safe.
ChromeDriver was started successfully.
[1609597773.047][SEVERE]: Timed out receiving message from renderer: 600.000
]]></system-err>
  </testcase>
  <testcase name="Forgot Password link" classname="Login Page feature" time="604.277">
    <error type="java.lang.NullPointerException">java.lang.NullPointerException
</error>
  </testcase>
  <testcase name="Forgot Password link" classname="Login Page feature" time="604.277">
    <error type="java.lang.NullPointerException">java.lang.NullPointerException
</error>
  </testcase>
  <testcase name="Login with correct credentials" classname="Login Page feature" time="602.88">
    <error message="session not created&#10;from timeout: Timed out receiving message from renderer: 600.000&#10;  (Session info: chrome=87.0.4280.88)&#10;Build info: version: &apos;3.141.59&apos;, revision: &apos;e82be7d358&apos;, time: &apos;2018-11-14T08:17:03&apos;&#10;System info: host: &apos;LAPTOP&apos;, ip: &apos;192.168.1.14&apos;, os.name: &apos;Windows 7&apos;, os.arch: &apos;amd64&apos;, os.version: &apos;6.1&apos;, java.version: &apos;1.8.0_271&apos;&#10;Driver info: driver.version: ChromeDriver&#10;remote stacktrace: Backtrace:&#10;	Ordinal0 [0x013EC0C3+3326147]&#10;	Ordinal0 [0x012D0851+2164817]&#10;	Ordinal0 [0x01157298+619160]&#10;	Ordinal0 [0x0114B17F+569727]&#10;	Ordinal0 [0x0114A421+566305]&#10;	Ordinal0 [0x0114A815+567317]&#10;	Ordinal0 [0x0114A135+565557]&#10;	Ordinal0 [0x011538B1+604337]&#10;	Ordinal0 [0x0114A0F1+565489]&#10;	Ordinal0 [0x0114AEA2+568994]&#10;	Ordinal0 [0x0114A421+566305]&#10;	Ordinal0 [0x0114A815+567317]&#10;	Ordinal0 [0x0114A135+565557]&#10;	Ordinal0 [0x01151D2C+597292]&#10;	Ordinal0 [0x0114A0F1+565489]&#10;	Ordinal0 [0x0114AEA2+568994]&#10;	Ordinal0 [0x0114A421+566305]&#10;	Ordinal0 [0x0114A815+567317]&#10;	Ordinal0 [0x0114A135+565557]&#10;	Ordinal0 [0x0114FE62+589410]&#10;	Ordinal0 [0x0114A0F1+565489]&#10;	Ordinal0 [0x0114AEA2+568994]&#10;	Ordinal0 [0x0114A421+566305]&#10;	Ordinal0 [0x0114A815+567317]&#10;	Ordinal0 [0x0114A135+565557]&#10;	Ordinal0 [0x0114F075+585845]&#10;	Ordinal0 [0x0114A0F1+565489]&#10;	Ordinal0 [0x0114AEA2+568994]&#10;	Ordinal0 [0x0114A421+566305]&#10;	Ordinal0 [0x0114A815+567317]&#10;	Ordinal0 [0x0114A135+565557]&#10;	Ordinal0 [0x01146776+550774]&#10;	Ordinal0 [0x0114A0F1+565489]&#10;	Ordinal0 [0x01149F13+565011]&#10;	Ordinal0 [0x01149D07+564487]&#10;	Ordinal0 [0x011582C0+623296]&#10;	Ordinal0 [0x010F6BDD+224221]&#10;	Ordinal0 [0x010F5CAC+220332]&#10;	Ordinal0 [0x010F189B+202907]&#10;	Ordinal0 [0x010D3DF4+81396]&#10;	Ordinal0 [0x010D4DEE+85486]&#10;	Ordinal0 [0x010D4D79+85369]&#10;	Ordinal0 [0x012E85DC+2262492]&#10;	GetHandleVerifier [0x01572874+1487204]&#10;	GetHandleVerifier [0x015723CD+1486013]&#10;	GetHandleVerifier [0x0157A368+1518680]&#10;	GetHandleVerifier [0x01572F4E+1488958]&#10;	Ordinal0 [0x012DED0D+2223373]&#10;	Ordinal0 [0x012EA12B+2269483]&#10;	Ordinal0 [0x012EA26F+2269807]&#10;	Ordinal0 [0x012FECB8+2354360]&#10;	BaseThreadInitThunk [0x7588343D+18]&#10;	RtlInitializeExceptionChain [0x777B9812+99]&#10;	RtlInitializeExceptionChain [0x777B97E5+54]&#10;" type="org.openqa.selenium.SessionNotCreatedException">org.openqa.selenium.SessionNotCreatedException: 
session not created
from timeout: Timed out receiving message from renderer: 600.000
  (Session info: chrome=87.0.4280.88)
Build info: version: '3.141.59', revision: 'e82be7d358', time: '2018-11-14T08:17:03'
System info: host: 'LAPTOP', ip: '192.168.1.14', os.name: 'Windows 7', os.arch: 'amd64', os.version: '6.1', java.version: '1.8.0_271'
Driver info: driver.version: ChromeDriver
remote stacktrace: Backtrace:
	Ordinal0 [0x013EC0C3+3326147]
	Ordinal0 [0x012D0851+2164817]
	Ordinal0 [0x01157298+619160]
	Ordinal0 [0x0114B17F+569727]
	Ordinal0 [0x0114A421+566305]
	Ordinal0 [0x0114A815+567317]
	Ordinal0 [0x0114A135+565557]
	Ordinal0 [0x011538B1+604337]
	Ordinal0 [0x0114A0F1+565489]
	Ordinal0 [0x0114AEA2+568994]
	Ordinal0 [0x0114A421+566305]
	Ordinal0 [0x0114A815+567317]
	Ordinal0 [0x0114A135+565557]
	Ordinal0 [0x01151D2C+597292]
	Ordinal0 [0x0114A0F1+565489]
	Ordinal0 [0x0114AEA2+568994]
	Ordinal0 [0x0114A421+566305]
	Ordinal0 [0x0114A815+567317]
	Ordinal0 [0x0114A135+565557]
	Ordinal0 [0x0114FE62+589410]
	Ordinal0 [0x0114A0F1+565489]
	Ordinal0 [0x0114AEA2+568994]
	Ordinal0 [0x0114A421+566305]
	Ordinal0 [0x0114A815+567317]
	Ordinal0 [0x0114A135+565557]
	Ordinal0 [0x0114F075+585845]
	Ordinal0 [0x0114A0F1+565489]
	Ordinal0 [0x0114AEA2+568994]
	Ordinal0 [0x0114A421+566305]
	Ordinal0 [0x0114A815+567317]
	Ordinal0 [0x0114A135+565557]
	Ordinal0 [0x01146776+550774]
	Ordinal0 [0x0114A0F1+565489]
	Ordinal0 [0x01149F13+565011]
	Ordinal0 [0x01149D07+564487]
	Ordinal0 [0x011582C0+623296]
	Ordinal0 [0x010F6BDD+224221]
	Ordinal0 [0x010F5CAC+220332]
	Ordinal0 [0x010F189B+202907]
	Ordinal0 [0x010D3DF4+81396]
	Ordinal0 [0x010D4DEE+85486]
	Ordinal0 [0x010D4D79+85369]
	Ordinal0 [0x012E85DC+2262492]
	GetHandleVerifier [0x01572874+1487204]
	GetHandleVerifier [0x015723CD+1486013]
	GetHandleVerifier [0x0157A368+1518680]
	GetHandleVerifier [0x01572F4E+1488958]
	Ordinal0 [0x012DED0D+2223373]
	Ordinal0 [0x012EA12B+2269483]
	Ordinal0 [0x012EA26F+2269807]
	Ordinal0 [0x012FECB8+2354360]
	BaseThreadInitThunk [0x7588343D+18]
	RtlInitializeExceptionChain [0x777B9812+99]
	RtlInitializeExceptionChain [0x777B97E5+54]

</error>
    <system-out><![CDATA[
Scenario: Login with correct credentials                   # scr/test/resources/appfeatures/LoginPage.feature:13
browser value is: chrome
      org.openqa.selenium.SessionNotCreatedException: session not created
from timeout: Timed out receiving message from renderer: 600.000
  (Session info: chrome=87.0.4280.88)
Build info: version: '3.141.59', revision: 'e82be7d358', time: '2018-11-14T08:17:03'
System info: host: 'LAPTOP', ip: '192.168.1.14', os.name: 'Windows 7', os.arch: 'amd64', os.version: '6.1', java.version: '1.8.0_271'
Driver info: driver.version: ChromeDriver
remote stacktrace: Backtrace:
	Ordinal0 [0x013EC0C3+3326147]
	Ordinal0 [0x012D0851+2164817]
	Ordinal0 [0x01157298+619160]
	Ordinal0 [0x0114B17F+569727]
	Ordinal0 [0x0114A421+566305]
	Ordinal0 [0x0114A815+567317]
	Ordinal0 [0x0114A135+565557]
	Ordinal0 [0x011538B1+604337]
	Ordinal0 [0x0114A0F1+565489]
	Ordinal0 [0x0114AEA2+568994]
	Ordinal0 [0x0114A421+566305]
	Ordinal0 [0x0114A815+567317]
	Ordinal0 [0x0114A135+565557]
	Ordinal0 [0x01151D2C+597292]
	Ordinal0 [0x0114A0F1+565489]
	Ordinal0 [0x0114AEA2+568994]
	Ordinal0 [0x0114A421+566305]
	Ordinal0 [0x0114A815+567317]
	Ordinal0 [0x0114A135+565557]
	Ordinal0 [0x0114FE62+589410]
	Ordinal0 [0x0114A0F1+565489]
	Ordinal0 [0x0114AEA2+568994]
	Ordinal0 [0x0114A421+566305]
	Ordinal0 [0x0114A815+567317]
	Ordinal0 [0x0114A135+565557]
	Ordinal0 [0x0114F075+585845]
	Ordinal0 [0x0114A0F1+565489]
	Ordinal0 [0x0114AEA2+568994]
	Ordinal0 [0x0114A421+566305]
	Ordinal0 [0x0114A815+567317]
	Ordinal0 [0x0114A135+565557]
	Ordinal0 [0x01146776+550774]
	Ordinal0 [0x0114A0F1+565489]
	Ordinal0 [0x01149F13+565011]
	Ordinal0 [0x01149D07+564487]
	Ordinal0 [0x011582C0+623296]
	Ordinal0 [0x010F6BDD+224221]
	Ordinal0 [0x010F5CAC+220332]
	Ordinal0 [0x010F189B+202907]
	Ordinal0 [0x010D3DF4+81396]
	Ordinal0 [0x010D4DEE+85486]
	Ordinal0 [0x010D4D79+85369]
	Ordinal0 [0x012E85DC+2262492]
	GetHandleVerifier [0x01572874+1487204]
	GetHandleVerifier [0x015723CD+1486013]
	GetHandleVerifier [0x0157A368+1518680]
	GetHandleVerifier [0x01572F4E+1488958]
	Ordinal0 [0x012DED0D+2223373]
	Ordinal0 [0x012EA12B+2269483]
	Ordinal0 [0x012EA26F+2269807]
	Ordinal0 [0x012FECB8+2354360]
	BaseThreadInitThunk [0x7588343D+18]
	RtlInitializeExceptionChain [0x777B9812+99]
	RtlInitializeExceptionChain [0x777B97E5+54]

	at sun.reflect.NativeConstructorAccessorImpl.newInstance0(Native Method)
	at sun.reflect.NativeConstructorAccessorImpl.newInstance(NativeConstructorAccessorImpl.java:62)
	at sun.reflect.DelegatingConstructorAccessorImpl.newInstance(DelegatingConstructorAccessorImpl.java:45)
	at java.lang.reflect.Constructor.newInstance(Constructor.java:423)
	at org.openqa.selenium.remote.W3CHandshakeResponse.lambda$errorHandler$0(W3CHandshakeResponse.java:62)
	at org.openqa.selenium.remote.HandshakeResponse.lambda$getResponseFunction$0(HandshakeResponse.java:30)
	at org.openqa.selenium.remote.ProtocolHandshake.lambda$createSession$0(ProtocolHandshake.java:126)
	at java.util.stream.ReferencePipeline$3$1.accept(ReferencePipeline.java:193)
	at java.util.Spliterators$ArraySpliterator.tryAdvance(Spliterators.java:958)
	at java.util.stream.ReferencePipeline.forEachWithCancel(ReferencePipeline.java:126)
	at java.util.stream.AbstractPipeline.copyIntoWithCancel(AbstractPipeline.java:499)
	at java.util.stream.AbstractPipeline.copyInto(AbstractPipeline.java:486)
	at java.util.stream.AbstractPipeline.wrapAndCopyInto(AbstractPipeline.java:472)
	at java.util.stream.FindOps$FindOp.evaluateSequential(FindOps.java:152)
	at java.util.stream.AbstractPipeline.evaluate(AbstractPipeline.java:234)
	at java.util.stream.ReferencePipeline.findFirst(ReferencePipeline.java:464)
	at org.openqa.selenium.remote.ProtocolHandshake.createSession(ProtocolHandshake.java:128)
	at org.openqa.selenium.remote.ProtocolHandshake.createSession(ProtocolHandshake.java:74)
	at org.openqa.selenium.remote.HttpCommandExecutor.execute(HttpCommandExecutor.java:136)
	at org.openqa.selenium.remote.service.DriverCommandExecutor.execute(DriverCommandExecutor.java:83)
	at org.openqa.selenium.remote.RemoteWebDriver.execute(RemoteWebDriver.java:552)
	at org.openqa.selenium.remote.RemoteWebDriver.startSession(RemoteWebDriver.java:213)
	at org.openqa.selenium.remote.RemoteWebDriver.<init>(RemoteWebDriver.java:131)
	at org.openqa.selenium.chrome.ChromeDriver.<init>(ChromeDriver.java:181)
	at org.openqa.selenium.chrome.ChromeDriver.<init>(ChromeDriver.java:168)
	at org.openqa.selenium.chrome.ChromeDriver.<init>(ChromeDriver.java:123)
	at com.qa.factory.DriverFactory.init_driver(DriverFactory.java:24)
	at apphooks.ApplicationHooks.launchBrowser(ApplicationHooks.java:34)

  Given user is on login page                              # stepdefinitions.LoginPageSteps.user_is_on_login_page()
  When user enters username "dec2020secondbatch@gmail.com" # stepdefinitions.LoginPageSteps.user_enters_username(java.lang.String)
  And user enters password "Selenium@12345"                # stepdefinitions.LoginPageSteps.user_enters_password(java.lang.String)
  And user click on Login button                           # stepdefinitions.LoginPageSteps.user_click_on_login_button()
  And user gets the title of the page                      # stepdefinitions.LoginPageSteps.user_gets_the_title_of_the_page()
  Then page title should be "My account - My Store"        # stepdefinitions.LoginPageSteps.page_title_should_be(java.lang.String)
      java.lang.NullPointerException
	at apphooks.ApplicationHooks.tearDown(ApplicationHooks.java:48)

      java.lang.NullPointerException
	at apphooks.ApplicationHooks.quitBrowser(ApplicationHooks.java:40)

]]></system-out>
    <system-err><![CDATA[Starting ChromeDriver 87.0.4280.88 (89e2380a3e36c3464b5dd1302349b1382549290d-refs/branch-heads/4280@{#1761}) on port 29955
Only local connections are allowed.
Please see https://chromedriver.chromium.org/security-considerations for suggestions on keeping ChromeDriver safe.
ChromeDriver was started successfully.
[1609598375.832][SEVERE]: Timed out receiving message from renderer: 600.000
]]></system-err>
  </testcase>
  <testcase name="Login with correct credentials" classname="Login Page feature" time="602.881">
    <error type="java.lang.NullPointerException">java.lang.NullPointerException
</error>
  </testcase>
  <testcase name="Login with correct credentials" classname="Login Page feature" time="602.881">
    <error type="java.lang.NullPointerException">java.lang.NullPointerException
</error>
  </testcase>
</testsuite>